2020-10-26 22:48:18,392 [Worker-4: Loading available Gradle versions] INFO  o.e.b.c.i.u.g.PublishedGradleVersions - Gradle version information cache is up-to-date. Trying to read.
2020-10-26 23:11:00,098 [Worker-12: Loading available Gradle versions] INFO  o.e.b.c.i.u.g.PublishedGradleVersions - Gradle version information cache is out-of-date. Trying to update.
2020-10-27 21:58:58,402 [Worker-1: Loading available Gradle versions] INFO  o.e.b.c.i.u.g.PublishedGradleVersions - Gradle version information cache is up-to-date. Trying to read.
2020-10-27 23:18:42,969 [Worker-7: Loading available Gradle versions] INFO  o.e.b.c.i.u.g.PublishedGradleVersions - Gradle version information cache is out-of-date. Trying to update.
2020-10-27 23:18:43,775 [Worker-3: Decoration Calculation] WARN  org.eclipse.jgit.util.FS - C:\Program Files\Git\mingw64\etc\.probe-cfcff439-3fec-4071-a0ec-99dc876f92e0
java.nio.file.AccessDeniedException: C:\Program Files\Git\mingw64\etc\.probe-cfcff439-3fec-4071-a0ec-99dc876f92e0
	at sun.nio.fs.WindowsException.translateToIOException(Unknown Source) ~[na:1.8.0_181]
	at sun.nio.fs.WindowsException.rethrowAsIOException(Unknown Source) ~[na:1.8.0_181]
	at sun.nio.fs.WindowsException.rethrowAsIOException(Unknown Source) ~[na:1.8.0_181]
	at sun.nio.fs.WindowsFileSystemProvider.newByteChannel(Unknown Source) ~[na:1.8.0_181]
	at java.nio.file.Files.newByteChannel(Unknown Source) ~[na:1.8.0_181]
	at java.nio.file.Files.createFile(Unknown Source) ~[na:1.8.0_181]
	at org.eclipse.jgit.util.FS$FileStoreAttributeCache.<init>(FS.java:234) ~[org.eclipse.jgit_5.4.0.201906121030-r.jar:5.4.0.201906121030-r]
	at org.eclipse.jgit.util.FS$FileStoreAttributeCache.getFsTimestampResolution(FS.java:211) ~[org.eclipse.jgit_5.4.0.201906121030-r.jar:5.4.0.201906121030-r]
	at org.eclipse.jgit.util.FS.getFsTimerResolution(FS.java:321) [org.eclipse.jgit_5.4.0.201906121030-r.jar:5.4.0.201906121030-r]
	at org.eclipse.jgit.internal.storage.file.FileSnapshot.<init>(FileSnapshot.java:186) [org.eclipse.jgit_5.4.0.201906121030-r.jar:5.4.0.201906121030-r]
	at org.eclipse.jgit.internal.storage.file.FileSnapshot.save(FileSnapshot.java:122) [org.eclipse.jgit_5.4.0.201906121030-r.jar:5.4.0.201906121030-r]
	at org.eclipse.jgit.storage.file.FileBasedConfig.load(FileBasedConfig.java:156) [org.eclipse.jgit_5.4.0.201906121030-r.jar:5.4.0.201906121030-r]
	at org.eclipse.jgit.internal.storage.file.FileRepository.loadSystemConfig(FileRepository.java:245) [org.eclipse.jgit_5.4.0.201906121030-r.jar:5.4.0.201906121030-r]
	at org.eclipse.jgit.internal.storage.file.FileRepository.<init>(FileRepository.java:203) [org.eclipse.jgit_5.4.0.201906121030-r.jar:5.4.0.201906121030-r]
	at org.eclipse.jgit.storage.file.FileRepositoryBuilder.build(FileRepositoryBuilder.java:88) [org.eclipse.jgit_5.4.0.201906121030-r.jar:5.4.0.201906121030-r]
	at org.eclipse.jgit.storage.file.FileRepositoryBuilder.create(FileRepositoryBuilder.java:108) [org.eclipse.jgit_5.4.0.201906121030-r.jar:5.4.0.201906121030-r]
	at org.eclipse.egit.core.RepositoryCache.lookupRepository(RepositoryCache.java:58) [org.eclipse.egit.core_5.4.0.201906121030-r.jar:na]
	at org.eclipse.egit.core.project.GitProjectData.map(GitProjectData.java:693) [org.eclipse.egit.core_5.4.0.201906121030-r.jar:na]
	at org.eclipse.egit.core.project.GitProjectData.remapAll(GitProjectData.java:651) [org.eclipse.egit.core_5.4.0.201906121030-r.jar:na]
	at org.eclipse.egit.core.project.GitProjectData.load(GitProjectData.java:634) [org.eclipse.egit.core_5.4.0.201906121030-r.jar:na]
	at org.eclipse.egit.core.project.GitProjectData.get(GitProjectData.java:220) [org.eclipse.egit.core_5.4.0.201906121030-r.jar:na]
	at org.eclipse.egit.core.GitProvider.getData(GitProvider.java:108) [org.eclipse.egit.core_5.4.0.201906121030-r.jar:na]
	at org.eclipse.egit.core.project.RepositoryMapping.getProjectData(RepositoryMapping.java:340) [org.eclipse.egit.core_5.4.0.201906121030-r.jar:na]
	at org.eclipse.egit.core.project.RepositoryMapping.findMapping(RepositoryMapping.java:356) [org.eclipse.egit.core_5.4.0.201906121030-r.jar:na]
	at org.eclipse.egit.core.project.RepositoryMapping.getMapping(RepositoryMapping.java:296) [org.eclipse.egit.core_5.4.0.201906121030-r.jar:na]
	at org.eclipse.egit.core.internal.util.ResourceUtil.getRepository(ResourceUtil.java:712) [org.eclipse.egit.core_5.4.0.201906121030-r.jar:na]
	at org.eclipse.egit.ui.internal.resources.ResourceStateFactory.getIndexDiffDataOrNull(ResourceStateFactory.java:103) [org.eclipse.egit.ui_5.4.0.201906121030-r.jar:na]
	at org.eclipse.egit.ui.internal.decorators.GitLightweightDecorator.decorateResource(GitLightweightDecorator.java:224) [org.eclipse.egit.ui_5.4.0.201906121030-r.jar:na]
	at org.eclipse.egit.ui.internal.decorators.GitLightweightDecorator.decorate(GitLightweightDecorator.java:201) [org.eclipse.egit.ui_5.4.0.201906121030-r.jar:na]
	at org.eclipse.ui.internal.decorators.LightweightDecoratorDefinition.decorate(LightweightDecoratorDefinition.java:247) [org.eclipse.ui.workbench_3.115.0.v20190521-1602.jar:na]
	at org.eclipse.ui.internal.decorators.LightweightDecoratorManager$LightweightRunnable.run(LightweightDecoratorManager.java:105) [org.eclipse.ui.workbench_3.115.0.v20190521-1602.jar:na]
	at org.eclipse.core.runtime.SafeRunner.run(SafeRunner.java:45) [org.eclipse.equinox.common_3.10.400.v20190516-1504.jar:na]
	at org.eclipse.ui.internal.decorators.LightweightDecoratorManager.decorate(LightweightDecoratorManager.java:360) [org.eclipse.ui.workbench_3.115.0.v20190521-1602.jar:na]
	at org.eclipse.ui.internal.decorators.LightweightDecoratorManager.getDecorations(LightweightDecoratorManager.java:346) [org.eclipse.ui.workbench_3.115.0.v20190521-1602.jar:na]
	at org.eclipse.ui.internal.decorators.DecorationScheduler$1.ensureResultCached(DecorationScheduler.java:333) [org.eclipse.ui.workbench_3.115.0.v20190521-1602.jar:na]
	at org.eclipse.ui.internal.decorators.DecorationScheduler$1.run(DecorationScheduler.java:300) [org.eclipse.ui.workbench_3.115.0.v20190521-1602.jar:na]
	at org.eclipse.core.internal.jobs.Worker.run(Worker.java:63) [org.eclipse.core.jobs_3.10.400.v20190506-1457.jar:na]
2020-11-18 05:22:00,344 [Worker-2: Loading available Gradle versions] INFO  o.e.b.c.i.u.g.PublishedGradleVersions - Gradle version information cache is out-of-date. Trying to update.
2020-11-18 05:22:03,189 [Worker-4: Decoration Calculation] WARN  org.eclipse.jgit.util.FS - C:\Program Files\Git\mingw64\etc\.probe-ab87ce67-28ab-4bf3-b77a-6abd779fb137
java.nio.file.AccessDeniedException: C:\Program Files\Git\mingw64\etc\.probe-ab87ce67-28ab-4bf3-b77a-6abd779fb137
	at java.base/sun.nio.fs.WindowsException.translateToIOException(WindowsException.java:89) ~[na:na]
	at java.base/sun.nio.fs.WindowsException.rethrowAsIOException(WindowsException.java:103) ~[na:na]
	at java.base/sun.nio.fs.WindowsException.rethrowAsIOException(WindowsException.java:108) ~[na:na]
	at java.base/sun.nio.fs.WindowsFileSystemProvider.newByteChannel(WindowsFileSystemProvider.java:235) ~[na:na]
	at java.base/java.nio.file.Files.newByteChannel(Files.java:373) ~[na:na]
	at java.base/java.nio.file.Files.createFile(Files.java:650) ~[na:na]
	at org.eclipse.jgit.util.FS$FileStoreAttributeCache.<init>(FS.java:234) ~[na:na]
	at org.eclipse.jgit.util.FS$FileStoreAttributeCache.getFsTimestampResolution(FS.java:211) ~[na:na]
	at org.eclipse.jgit.util.FS.getFsTimerResolution(FS.java:321) ~[na:na]
	at org.eclipse.jgit.internal.storage.file.FileSnapshot.<init>(FileSnapshot.java:186) ~[na:na]
	at org.eclipse.jgit.internal.storage.file.FileSnapshot.save(FileSnapshot.java:122) ~[na:na]
	at org.eclipse.jgit.storage.file.FileBasedConfig.load(FileBasedConfig.java:156) ~[na:na]
	at org.eclipse.jgit.internal.storage.file.FileRepository.loadSystemConfig(FileRepository.java:245) ~[na:na]
	at org.eclipse.jgit.internal.storage.file.FileRepository.<init>(FileRepository.java:203) ~[na:na]
	at org.eclipse.jgit.storage.file.FileRepositoryBuilder.build(FileRepositoryBuilder.java:88) ~[na:na]
	at org.eclipse.jgit.storage.file.FileRepositoryBuilder.create(FileRepositoryBuilder.java:108) ~[na:na]
	at org.eclipse.egit.core.RepositoryCache.lookupRepository(RepositoryCache.java:58) ~[na:na]
	at org.eclipse.egit.core.project.GitProjectData.map(GitProjectData.java:693) ~[na:na]
	at org.eclipse.egit.core.project.GitProjectData.remapAll(GitProjectData.java:651) ~[na:na]
	at org.eclipse.egit.core.project.GitProjectData.load(GitProjectData.java:634) ~[na:na]
	at org.eclipse.egit.core.project.GitProjectData.get(GitProjectData.java:220) ~[na:na]
	at org.eclipse.egit.core.GitProvider.getData(GitProvider.java:108) ~[na:na]
	at org.eclipse.egit.core.project.RepositoryMapping.getProjectData(RepositoryMapping.java:340) ~[na:na]
	at org.eclipse.egit.core.project.RepositoryMapping.findMapping(RepositoryMapping.java:356) ~[na:na]
	at org.eclipse.egit.core.project.RepositoryMapping.getMapping(RepositoryMapping.java:296) ~[na:na]
	at org.eclipse.egit.core.internal.util.ResourceUtil.getRepository(ResourceUtil.java:712) ~[na:na]
	at org.eclipse.egit.ui.internal.resources.ResourceStateFactory.getIndexDiffDataOrNull(ResourceStateFactory.java:103) ~[na:na]
	at org.eclipse.egit.ui.internal.decorators.GitLightweightDecorator.decorateResource(GitLightweightDecorator.java:224) ~[na:na]
	at org.eclipse.egit.ui.internal.decorators.GitLightweightDecorator.decorate(GitLightweightDecorator.java:201) ~[na:na]
	at org.eclipse.ui.internal.decorators.LightweightDecoratorDefinition.decorate(LightweightDecoratorDefinition.java:247) ~[na:na]
	at org.eclipse.ui.internal.decorators.LightweightDecoratorManager$LightweightRunnable.run(LightweightDecoratorManager.java:105) ~[na:na]
	at org.eclipse.core.runtime.SafeRunner.run(SafeRunner.java:45) ~[org.eclipse.equinox.common_3.10.400.v20190516-1504.jar:na]
	at org.eclipse.ui.internal.decorators.LightweightDecoratorManager.decorate(LightweightDecoratorManager.java:360) ~[na:na]
	at org.eclipse.ui.internal.decorators.LightweightDecoratorManager.getDecorations(LightweightDecoratorManager.java:346) ~[na:na]
	at org.eclipse.ui.internal.decorators.DecorationScheduler$1.ensureResultCached(DecorationScheduler.java:333) ~[na:na]
	at org.eclipse.ui.internal.decorators.DecorationScheduler$1.run(DecorationScheduler.java:300) ~[na:na]
	at org.eclipse.core.internal.jobs.Worker.run(Worker.java:63) ~[org.eclipse.core.jobs_3.10.400.v20190506-1457.jar:na]
